2021-08-01 12:24:22,454 - INFO - [MainThread] UM.Logger.info [128]: Loaded plugin FileLogger
2021-08-01 12:24:22,558 - INFO - [MainThread] UM.Logger.info [128]: Loaded plugin FirmwareUpdateChecker
2021-08-01 12:24:22,629 - INFO - [MainThread] UM.Logger.info [128]: Loaded plugin FirmwareUpdater
2021-08-01 12:24:22,710 - INFO - [MainThread] UM.Logger.info [128]: Loaded plugin GCodeGzReader
2021-08-01 12:24:22,774 - INFO - [MainThread] UM.Logger.info [128]: Loaded plugin GCodeGzWriter
2021-08-01 12:24:22,841 - INFO - [MainThread] UM.Logger.info [128]: Loaded plugin GCodeProfileReader
2021-08-01 12:24:22,982 - INFO - [MainThread] UM.Logger.info [128]: Loaded plugin GCodeReader
2021-08-01 12:24:23,052 - INFO - [MainThread] UM.Logger.info [128]: Loaded plugin GCodeWriter
2021-08-01 12:24:23,136 - INFO - [MainThread] UM.Logger.info [128]: Loaded plugin ImageReader
2021-08-01 12:24:23,193 - INFO - [MainThread] UM.Logger.info [128]: Loaded plugin LegacyProfileReader
2021-08-01 12:24:23,249 - INFO - [MainThread] UM.Logger.info [128]: Loaded plugin LocalContainerProvider
2021-08-01 12:24:23,322 - INFO - [MainThread] UM.Logger.info [128]: Loaded plugin LocalFileOutputDevice
2021-08-01 12:24:23,377 - INFO - [MainThread] UM.Logger.info [128]: Loaded plugin MachineSettingsAction
2021-08-01 12:24:23,428 - INFO - [MainThread] UM.Logger.info [128]: Loaded plugin ModelChecker
2021-08-01 12:24:23,482 - INFO - [MainThread] UM.Logger.info [128]: Loaded plugin MonitorStage
2021-08-01 12:24:23,550 - INFO - [MainThread] UM.Logger.info [128]: Loaded plugin PerObjectSettingsTool
2021-08-01 12:24:23,602 - INFO - [MainThread] UM.Logger.info [128]: Loaded plugin PostProcessingPlugin
2021-08-01 12:24:23,663 - INFO - [MainThread] UM.Logger.info [128]: Loaded plugin PrepareStage
2021-08-01 12:24:23,728 - INFO - [MainThread] UM.Logger.info [128]: Loaded plugin PreviewStage
2021-08-01 12:24:23,826 - INFO - [MainThread] UM.Logger.info [128]: Loaded plugin RemovableDriveOutputDevice
2021-08-01 12:24:23,880 - INFO - [MainThread] UM.Logger.info [128]: Loaded plugin SentryLogger
2021-08-01 12:24:24,000 - INFO - [MainThread] UM.Logger.info [128]: Loaded plugin SimulationView
2021-08-01 12:24:24,076 - INFO - [MainThread] UM.Logger.info [128]: Loaded plugin SliceInfoPlugin
2021-08-01 12:24:24,154 - INFO - [MainThread] UM.Logger.info [128]: Loaded plugin SolidView
2021-08-01 12:24:24,220 - INFO - [MainThread] UM.Logger.info [128]: Loaded plugin SupportEraser
2021-08-01 12:24:24,566 - WARNING - [MainThread] UM.Logger.logException [112]: Exception: Failed to load packages for Marketplace
2021-08-01 12:24:24,574 - WARNING - [MainThread] UM.Logger.logException [116]: NoneType: None
2021-08-01 12:24:24,582 - WARNING - [MainThread] UM.Logger.logException [112]: Exception: Failed to load packages for Marketplace
2021-08-01 12:24:24,588 - WARNING - [MainThread] UM.Logger.logException [116]: NoneType: None
2021-08-01 12:24:24,594 - WARNING - [MainThread] UM.Logger.logException [112]: Exception: Failed to load packages for Marketplace
2021-08-01 12:24:24,601 - WARNING - [MainThread] UM.Logger.logException [116]: NoneType: None
2021-08-01 12:24:24,607 - WARNING - [MainThread] UM.Logger.logException [112]: Exception: Failed to load packages for Marketplace
2021-08-01 12:24:24,614 - WARNING - [MainThread] UM.Logger.logException [116]: NoneType: None
2021-08-01 12:24:24,631 - INFO - [MainThread] UM.Logger.info [128]: Loaded plugin Toolbox
2021-08-01 12:24:24,687 - INFO - [MainThread] UM.Logger.info [128]: Loaded plugin CameraTool
2021-08-01 12:24:24,753 - INFO - [MainThread] UM.Logger.info [128]: Loaded plugin MirrorTool
2021-08-01 12:24:24,827 - INFO - [MainThread] UM.Logger.info [128]: Loaded plugin RotateTool
2021-08-01 12:24:24,908 - INFO - [MainThread] UM.Logger.info [128]: Loaded plugin ScaleTool
2021-08-01 12:24:24,975 - INFO - [MainThread] UM.Logger.info [128]: Loaded plugin SelectionTool
2021-08-01 12:24:25,061 - INFO - [MainThread] UM.Logger.info [128]: Loaded plugin TranslateTool
2021-08-01 12:24:25,115 - INFO - [MainThread] UM.Logger.info [128]: Loaded plugin TrimeshReader
2021-08-01 12:24:25,180 - INFO - [MainThread] UM.Logger.info [128]: Loaded plugin UFPReader
2021-08-01 12:24:25,234 - INFO - [MainThread] UM.Logger.info [128]: Loaded plugin UFPWriter
2021-08-01 12:24:25,298 - INFO - [MainThread] UM.Logger.info [128]: Loaded plugin UltimakerMachineActions
2021-08-01 12:24:26,168 - INFO - [MainThread] UM.Logger.info [128]: Loaded plugin UM3NetworkPrinting
2021-08-01 12:24:26,290 - INFO - [JobQueueWorker [1]] UpdateChecker.UpdateCheckerJob.run [40]: Checking for new version of cura
2021-08-01 12:24:26,301 - INFO - [MainThread] UM.Logger.info [128]: Loaded plugin UpdateChecker
2021-08-01 12:24:26,508 - INFO - [MainThread] UM.Logger.info [128]: Loaded plugin USBPrinting
2021-08-01 12:24:26,612 - INFO - [MainThread] UM.Logger.info [128]: Loaded plugin VersionUpgrade21to22
2021-08-01 12:24:26,717 - INFO - [MainThread] UM.Logger.info [128]: Loaded plugin VersionUpgrade22to24
2021-08-01 12:24:26,800 - INFO - [MainThread] UM.Logger.info [128]: Loaded plugin VersionUpgrade25to26
2021-08-01 12:24:26,859 - INFO - [MainThread] UM.Logger.info [128]: Loaded plugin VersionUpgrade26to27
2021-08-01 12:24:26,920 - INFO - [MainThread] UM.Logger.info [128]: Loaded plugin VersionUpgrade27to30
2021-08-01 12:24:26,976 - INFO - [MainThread] UM.Logger.info [128]: Loaded plugin VersionUpgrade30to31
2021-08-01 12:24:27,033 - INFO - [MainThread] UM.Logger.info [128]: Loaded plugin VersionUpgrade32to33
2021-08-01 12:24:27,090 - INFO - [MainThread] UM.Logger.info [128]: Loaded plugin VersionUpgrade33to34
2021-08-01 12:24:27,148 - INFO - [MainThread] UM.Logger.info [128]: Loaded plugin VersionUpgrade34to35
2021-08-01 12:24:27,210 - INFO - [MainThread] UM.Logger.info [128]: Loaded plugin VersionUpgrade35to40
2021-08-01 12:24:27,263 - INFO - [MainThread] UM.Logger.info [128]: Loaded plugin VersionUpgrade40to41
2021-08-01 12:24:27,321 - INFO - [MainThread] UM.Logger.info [128]: Loaded plugin VersionUpgrade41to42
2021-08-01 12:24:27,373 - INFO - [MainThread] UM.Logger.info [128]: Loaded plugin VersionUpgrade42to43
2021-08-01 12:24:27,427 - INFO - [MainThread] UM.Logger.info [128]: Loaded plugin VersionUpgrade43to44
2021-08-01 12:24:27,482 - INFO - [MainThread] UM.Logger.info [128]: Loaded plugin VersionUpgrade44to45
2021-08-01 12:24:27,539 - INFO - [MainThread] UM.Logger.info [128]: Loaded plugin VersionUpgrade45to46
2021-08-01 12:24:27,593 - INFO - [MainThread] UM.Logger.info [128]: Loaded plugin VersionUpgrade460to462
2021-08-01 12:24:27,650 - INFO - [MainThread] UM.Logger.info [128]: Loaded plugin VersionUpgrade462to47
2021-08-01 12:24:27,706 - INFO - [MainThread] UM.Logger.info [128]: Loaded plugin VersionUpgrade47to48
2021-08-01 12:24:27,762 - INFO - [MainThread] UM.Logger.info [128]: Loaded plugin VersionUpgrade48to49
2021-08-01 12:24:27,819 - INFO - [MainThread] UM.Logger.info [128]: Loaded plugin VersionUpgrade49to410
2021-08-01 12:24:27,872 - INFO - [MainThread] UM.Logger.info [128]: Loaded plugin SimpleView
2021-08-01 12:24:27,940 - INFO - [MainThread] UM.Logger.info [128]: Loaded plugin X3DReader
2021-08-01 12:24:28,037 - INFO - [MainThread] UM.Logger.info [128]: Loaded plugin XmlMaterialProfile
2021-08-01 12:24:28,089 - INFO - [MainThread] UM.Logger.info [128]: Loaded plugin XRayView
2021-08-01 12:24:28,410 - DEBUG - [MainThread] ArcWelderPlugin.ArcWelderPlugin.__init__ [55]: Using ArcWelder 1.1.0
2021-08-01 12:24:28,423 - INFO - [MainThread] UM.Logger.info [128]: Loaded plugin ArcWelderPlugin
2021-08-01 12:24:28,446 - DEBUG - [MainThread] ImportExportProfiles.ImportExportProfiles.__init__ [63]: Info CuraVersion --> 4.10.0
2021-08-01 12:24:28,459 - INFO - [MainThread] UM.Logger.info [128]: Loaded plugin ImportExportProfiles
2021-08-01 12:24:28,488 - INFO - [MainThread] UM.Logger.info [128]: Loaded plugin X3GWriter
2021-08-01 12:24:28,511 - INFO - [MainThread] UM.Logger.info [128]: Loaded plugin ZOffsetPlugin
2021-08-01 12:24:28,525 - DEBUG - [MainThread] UM.PluginRegistry.loadPlugins [404]: Loading all plugins took 9.597503662109375 seconds
2021-08-01 12:24:28,562 - INFO - [MainThread] UM.VersionUpgradeManager.upgrade [163]: Looking for old configuration files to upgrade.
2021-08-01 12:24:28,646 - INFO - [MainThread] UM.VersionUpgradeManager._getUpgradeTasks [335]: Create upgrade task for configuration file [.\Axle+Media+R2X+14T_settings.inst.cfg] with type [definition_changes] and source version [4000016]
2021-08-01 12:24:28,655 - INFO - [MainThread] UM.VersionUpgradeManager._getUpgradeTasks [335]: Create upgrade task for configuration file [.\custom_extruder_1+%232_settings.inst.cfg] with type [definition_changes] and source version [4000016]
2021-08-01 12:24:28,665 - INFO - [MainThread] UM.VersionUpgradeManager._getUpgradeTasks [335]: Create upgrade task for configuration file [.\custom_extruder_2+%232_settings.inst.cfg] with type [definition_changes] and source version [4000016]
2021-08-01 12:24:28,675 - INFO - [MainThread] UM.VersionUpgradeManager._getUpgradeTasks [335]: Create upgrade task for configuration file [.\custom_extruder_3+%232_settings.inst.cfg] with type [definition_changes] and source version [4000016]
2021-08-01 12:24:28,685 - INFO - [MainThread] UM.VersionUpgradeManager._getUpgradeTasks [335]: Create upgrade task for configuration file [.\custom_extruder_4+%232_settings.inst.cfg] with type [definition_changes] and source version [4000016]
2021-08-01 12:24:28,695 - INFO - [MainThread] UM.VersionUpgradeManager._getUpgradeTasks [335]: Create upgrade task for configuration file [.\custom_extruder_5+%232_settings.inst.cfg] with type [definition_changes] and source version [4000016]
2021-08-01 12:24:28,706 - INFO - [MainThread] UM.VersionUpgradeManager._getUpgradeTasks [335]: Create upgrade task for configuration file [.\custom_extruder_6+%232_settings.inst.cfg] with type [definition_changes] and source version [4000016]
2021-08-01 12:24:28,716 - INFO - [MainThread] UM.VersionUpgradeManager._getUpgradeTasks [335]: Create upgrade task for configuration file [.\custom_extruder_7+%232_settings.inst.cfg] with type [definition_changes] and source version [4000016]
2021-08-01 12:24:28,727 - INFO - [MainThread] UM.VersionUpgradeManager._getUpgradeTasks [335]: Create upgrade task for configuration file [.\custom_extruder_8+%232_settings.inst.cfg] with type [definition_changes] and source version [4000016]
2021-08-01 12:24:28,739 - INFO - [MainThread] UM.VersionUpgradeManager._getUpgradeTasks [335]: Create upgrade task for configuration file [.\makerbotreplicator_extruder_0+%232_settings.inst.cfg] with type [definition_changes] and source version [4000016]
2021-08-01 12:24:28,747 - INFO - [MainThread] UM.VersionUpgradeManager._getUpgradeTasks [335]: Create upgrade task for configuration file [.\MakerBotReplicator_settings.inst.cfg] with type [definition_changes] and source version [4000016]
2021-08-01 12:24:28,823 - INFO - [MainThread] UM.VersionUpgradeManager._getUpgradeTasks [335]: Create upgrade task for configuration file [.\custom_extruder_1+%232.extruder.cfg] with type [extruder_train] and source version [5000016]
2021-08-01 12:24:28,831 - INFO - [MainThread] UM.VersionUpgradeManager._getUpgradeTasks [335]: Create upgrade task for configuration file [.\custom_extruder_2+%232.extruder.cfg] with type [extruder_train] and source version [5000016]
2021-08-01 12:24:28,841 - INFO - [MainThread] UM.VersionUpgradeManager._getUpgradeTasks [335]: Create upgrade task for configuration file [.\custom_extruder_3+%232.extruder.cfg] with type [extruder_train] and source version [5000016]
2021-08-01 12:24:28,851 - INFO - [MainThread] UM.VersionUpgradeManager._getUpgradeTasks [335]: Create upgrade task for configuration file [.\custom_extruder_4+%232.extruder.cfg] with type [extruder_train] and source version [5000016]
2021-08-01 12:24:28,862 - INFO - [MainThread] UM.VersionUpgradeManager._getUpgradeTasks [335]: Create upgrade task for configuration file [.\custom_extruder_5+%232.extruder.cfg] with type [extruder_train] and source version [5000016]
2021-08-01 12:24:28,873 - INFO - [MainThread] UM.VersionUpgradeManager._getUpgradeTasks [335]: Create upgrade task for configuration file [.\custom_extruder_6+%232.extruder.cfg] with type [extruder_train] and source version [5000016]
2021-08-01 12:24:28,881 - INFO - [MainThread] UM.VersionUpgradeManager._getUpgradeTasks [335]: Create upgrade task for configuration file [.\custom_extruder_7+%232.extruder.cfg] with type [extruder_train] and source version [5000016]
2021-08-01 12:24:28,892 - INFO - [MainThread] UM.VersionUpgradeManager._getUpgradeTasks [335]: Create upgrade task for configuration file [.\custom_extruder_8+%232.extruder.cfg] with type [extruder_train] and source version [5000016]
2021-08-01 12:24:28,903 - INFO - [MainThread] UM.VersionUpgradeManager._getUpgradeTasks [335]: Create upgrade task for configuration file [.\makerbotreplicator_extruder_0+%232.extruder.cfg] with type [extruder_train] and source version [5000016]
2021-08-01 12:24:28,936 - INFO - [MainThread] UM.VersionUpgradeManager._getUpgradeTasks [335]: Create upgrade task for configuration file [.\Axle+Media+R2X+14T.global.cfg] with type [machine_stack] and source version [5000016]
2021-08-01 12:24:28,945 - INFO - [MainThread] UM.VersionUpgradeManager._getUpgradeTasks [335]: Create upgrade task for configuration file [.\MakerBotReplicator.global.cfg] with type [machine_stack] and source version [5000016]
2021-08-01 12:24:29,115 - INFO - [MainThread] UM.VersionUpgradeManager._getUpgradeTasks [335]: Create upgrade task for configuration file [.\custom_draft_.2_%283dbenchy%29.inst.cfg] with type [quality_changes] and source version [4000016]
2021-08-01 12:24:29,127 - INFO - [MainThread] UM.VersionUpgradeManager._getUpgradeTasks [335]: Create upgrade task for configuration file [.\custom_extra_fast_.32_-teaching_tech_calib_cube.inst.cfg] with type [quality_changes] and source version [4000016]
2021-08-01 12:24:29,152 - INFO - [MainThread] UM.VersionUpgradeManager._getUpgradeTasks [335]: Create upgrade task for configuration file [.\custom_extra_fast_.8.inst.cfg] with type [quality_changes] and source version [4000016]
2021-08-01 12:24:29,173 - INFO - [MainThread] UM.VersionUpgradeManager._getUpgradeTasks [335]: Create upgrade task for configuration file [.\custom_extruder_1_%232_draft_.2_%283dbenchy%29.inst.cfg] with type [quality_changes] and source version [4000016]
2021-08-01 12:24:29,193 - INFO - [MainThread] UM.VersionUpgradeManager._getUpgradeTasks [335]: Create upgrade task for configuration file [.\custom_extruder_1_%232_extra_fast_.32_-teaching_tech_calib_cube.inst.cfg] with type [quality_changes] and source version [4000016]
2021-08-01 12:24:29,207 - INFO - [MainThread] UM.VersionUpgradeManager._getUpgradeTasks [335]: Create upgrade task for configuration file [.\custom_extruder_1_%232_extra_fast_.8.inst.cfg] with type [quality_changes] and source version [4000016]
2021-08-01 12:24:29,222 - INFO - [MainThread] UM.VersionUpgradeManager._getUpgradeTasks [335]: Create upgrade task for configuration file [.\custom_extruder_1_%232_fast_abs_.2.inst.cfg] with type [quality_changes] and source version [4000016]
2021-08-01 12:24:29,241 - INFO - [MainThread] UM.VersionUpgradeManager._getUpgradeTasks [335]: Create upgrade task for configuration file [.\custom_extruder_1_%232_fast_abs_.32.inst.cfg] with type [quality_changes] and source version [4000016]
2021-08-01 12:24:29,254 - INFO - [MainThread] UM.VersionUpgradeManager._getUpgradeTasks [335]: Create upgrade task for configuration file [.\custom_extruder_2_%232_draft_.2_%283dbenchy%29.inst.cfg] with type [quality_changes] and source version [4000016]
2021-08-01 12:24:29,266 - INFO - [MainThread] UM.VersionUpgradeManager._getUpgradeTasks [335]: Create upgrade task for configuration file [.\custom_extruder_2_%232_extra_fast_.32.inst.cfg] with type [quality_changes] and source version [4000016]
2021-08-01 12:24:29,293 - INFO - [MainThread] UM.VersionUpgradeManager._getUpgradeTasks [335]: Create upgrade task for configuration file [.\custom_extruder_2_%232_extra_fast_.32_-teaching_tech_calib_cube.inst.cfg] with type [quality_changes] and source version [4000016]
2021-08-01 12:24:29,311 - INFO - [MainThread] UM.VersionUpgradeManager._getUpgradeTasks [335]: Create upgrade task for configuration file [.\custom_extruder_2_%232_extra_fast_.8.inst.cfg] with type [quality_changes] and source version [4000016]
2021-08-01 12:24:29,329 - INFO - [MainThread] UM.VersionUpgradeManager._getUpgradeTasks [335]: Create upgrade task for configuration file [.\custom_extruder_2_%232_fast_abs_.2.inst.cfg] with type [quality_changes] and source version [4000016]
2021-08-01 12:24:29,357 - INFO - [MainThread] UM.VersionUpgradeManager._getUpgradeTasks [335]: Create upgrade task for configuration file [.\custom_extruder_2_%232_fast_abs_.32.inst.cfg] with type [quality_changes] and source version [4000016]
2021-08-01 12:24:29,381 - INFO - [MainThread] UM.VersionUpgradeManager._getUpgradeTasks [335]: Create upgrade task for configuration file [.\custom_extruder_2_%232_normal_.16.inst.cfg] with type [quality_changes] and source version [4000016]
2021-08-01 12:24:29,401 - INFO - [MainThread] UM.VersionUpgradeManager._getUpgradeTasks [335]: Create upgrade task for configuration file [.\custom_fast_abs_.2.inst.cfg] with type [quality_changes] and source version [4000016]
2021-08-01 12:24:29,450 - INFO - [MainThread] UM.VersionUpgradeManager._getUpgradeTasks [335]: Create upgrade task for configuration file [.\custom_fast_abs_.32.inst.cfg] with type [quality_changes] and source version [4000016]
2021-08-01 12:24:29,471 - INFO - [MainThread] UM.VersionUpgradeManager._getUpgradeTasks [335]: Create upgrade task for configuration file [.\makerbotreplicator_extra_fast_.32.inst.cfg] with type [quality_changes] and source version [4000016]
2021-08-01 12:24:29,484 - INFO - [MainThread] UM.VersionUpgradeManager._getUpgradeTasks [335]: Create upgrade task for configuration file [.\makerbotreplicator_extruder_0_%232_extra_fast_.32.inst.cfg] with type [quality_changes] and source version [4000016]
2021-08-01 12:24:29,496 - INFO - [MainThread] UM.VersionUpgradeManager._getUpgradeTasks [335]: Create upgrade task for configuration file [.\makerbotreplicator_extruder_0_%232_normal_.16.inst.cfg] with type [quality_changes] and source version [4000016]
2021-08-01 12:24:29,507 - INFO - [MainThread] UM.VersionUpgradeManager._getUpgradeTasks [335]: Create upgrade task for configuration file [.\makerbotreplicator_normal_.16.inst.cfg] with type [quality_changes] and source version [4000016]
2021-08-01 12:24:29,609 - INFO - [MainThread] UM.VersionUpgradeManager._getUpgradeTasks [335]: Create upgrade task for configuration file [.\Axle+Media+R2X+14T_user.inst.cfg] with type [user] and source version [4000016]
2021-08-01 12:24:29,616 - INFO - [MainThread] UM.VersionUpgradeManager._getUpgradeTasks [335]: Create upgrade task for configuration file [.\custom_extruder_1+%232_user.inst.cfg] with type [user] and source version [4000016]
2021-08-01 12:24:29,626 - INFO - [MainThread] UM.VersionUpgradeManager._getUpgradeTasks [335]: Create upgrade task for configuration file [.\custom_extruder_2+%232_user.inst.cfg] with type [user] and source version [4000016]
2021-08-01 12:24:29,636 - INFO - [MainThread] UM.VersionUpgradeManager._getUpgradeTasks [335]: Create upgrade task for configuration file [.\custom_extruder_3+%232_user.inst.cfg] with type [user] and source version [4000016]
2021-08-01 12:24:29,646 - INFO - [MainThread] UM.VersionUpgradeManager._getUpgradeTasks [335]: Create upgrade task for configuration file [.\custom_extruder_4+%232_user.inst.cfg] with type [user] and source version [4000016]
2021-08-01 12:24:29,654 - INFO - [MainThread] UM.VersionUpgradeManager._getUpgradeTasks [335]: Create upgrade task for configuration file [.\custom_extruder_5+%232_user.inst.cfg] with type [user] and source version [4000016]
2021-08-01 12:24:29,664 - INFO - [MainThread] UM.VersionUpgradeManager._getUpgradeTasks [335]: Create upgrade task for configuration file [.\custom_extruder_6+%232_user.inst.cfg] with type [user] and source version [4000016]
2021-08-01 12:24:29,676 - INFO - [MainThread] UM.VersionUpgradeManager._getUpgradeTasks [335]: Create upgrade task for configuration file [.\custom_extruder_7+%232_user.inst.cfg] with type [user] and source version [4000016]
2021-08-01 12:24:29,684 - INFO - [MainThread] UM.VersionUpgradeManager._getUpgradeTasks [335]: Create upgrade task for configuration file [.\custom_extruder_8+%232_user.inst.cfg] with type [user] and source version [4000016]
2021-08-01 12:24:29,695 - INFO - [MainThread] UM.VersionUpgradeManager._getUpgradeTasks [335]: Create upgrade task for configuration file [.\makerbotreplicator_extruder_0+%232_user.inst.cfg] with type [user] and source version [4000016]
2021-08-01 12:24:29,704 - INFO - [MainThread] UM.VersionUpgradeManager._getUpgradeTasks [335]: Create upgrade task for configuration file [.\MakerBotReplicator_user.inst.cfg] with type [user] and source version [4000016]
2021-08-01 12:24:29,723 - INFO - [MainThread] UM.VersionUpgradeManager._upgradeFile [421]: Upgraded .\Axle+Media+R2X+14T_settings.inst.cfg to version 4000017.
2021-08-01 12:24:29,744 - INFO - [MainThread] UM.VersionUpgradeManager._upgradeFile [421]: Upgraded .\custom_extruder_1+%232_settings.inst.cfg to version 4000017.
2021-08-01 12:24:29,762 - INFO - [MainThread] UM.VersionUpgradeManager._upgradeFile [421]: Upgraded .\custom_extruder_2+%232_settings.inst.cfg to version 4000017.
2021-08-01 12:24:29,780 - INFO - [MainThread] UM.VersionUpgradeManager._upgradeFile [421]: Upgraded .\custom_extruder_3+%232_settings.inst.cfg to version 4000017.
2021-08-01 12:24:29,800 - INFO - [MainThread] UM.VersionUpgradeManager._upgradeFile [421]: Upgraded .\custom_extruder_4+%232_settings.inst.cfg to version 4000017.
2021-08-01 12:24:29,818 - INFO - [MainThread] UM.VersionUpgradeManager._upgradeFile [421]: Upgraded .\custom_extruder_5+%232_settings.inst.cfg to version 4000017.
2021-08-01 12:24:29,837 - INFO - [MainThread] UM.VersionUpgradeManager._upgradeFile [421]: Upgraded .\custom_extruder_6+%232_settings.inst.cfg to version 4000017.
2021-08-01 12:24:29,856 - INFO - [MainThread] UM.VersionUpgradeManager._upgradeFile [421]: Upgraded .\custom_extruder_7+%232_settings.inst.cfg to version 4000017.
2021-08-01 12:24:29,878 - INFO - [MainThread] UM.VersionUpgradeManager._upgradeFile [421]: Upgraded .\custom_extruder_8+%232_settings.inst.cfg to version 4000017.
2021-08-01 12:24:29,897 - INFO - [MainThread] UM.VersionUpgradeManager._upgradeFile [421]: Upgraded .\makerbotreplicator_extruder_0+%232_settings.inst.cfg to version 4000017.
2021-08-01 12:24:29,920 - INFO - [MainThread] UM.VersionUpgradeManager._upgradeFile [421]: Upgraded .\MakerBotReplicator_settings.inst.cfg to version 4000017.
2021-08-01 12:24:29,937 - INFO - [MainThread] UM.VersionUpgradeManager._upgradeFile [421]: Upgraded .\custom_extruder_1+%232.extruder.cfg to version 5000017.
2021-08-01 12:24:29,956 - INFO - [MainThread] UM.VersionUpgradeManager._upgradeFile [421]: Upgraded .\custom_extruder_2+%232.extruder.cfg to version 5000017.
2021-08-01 12:24:29,979 - INFO - [MainThread] UM.VersionUpgradeManager._upgradeFile [421]: Upgraded .\custom_extruder_3+%232.extruder.cfg to version 5000017.
2021-08-01 12:24:29,996 - INFO - [MainThread] UM.VersionUpgradeManager._upgradeFile [421]: Upgraded .\custom_extruder_4+%232.extruder.cfg to version 5000017.
2021-08-01 12:24:30,013 - INFO - [MainThread] UM.VersionUpgradeManager._upgradeFile [421]: Upgraded .\custom_extruder_5+%232.extruder.cfg to version 5000017.
2021-08-01 12:24:30,031 - INFO - [MainThread] UM.VersionUpgradeManager._upgradeFile [421]: Upgraded .\custom_extruder_6+%232.extruder.cfg to version 5000017.
2021-08-01 12:24:30,055 - INFO - [MainThread] UM.VersionUpgradeManager._upgradeFile [421]: Upgraded .\custom_extruder_7+%232.extruder.cfg to version 5000017.
2021-08-01 12:24:30,073 - INFO - [MainThread] UM.VersionUpgradeManager._upgradeFile [421]: Upgraded .\custom_extruder_8+%232.extruder.cfg to version 5000017.
2021-08-01 12:24:30,091 - INFO - [MainThread] UM.VersionUpgradeManager._upgradeFile [421]: Upgraded .\makerbotreplicator_extruder_0+%232.extruder.cfg to version 5000017.
2021-08-01 12:24:30,113 - INFO - [MainThread] UM.VersionUpgradeManager._upgradeFile [421]: Upgraded .\Axle+Media+R2X+14T.global.cfg to version 5000017.
2021-08-01 12:24:30,131 - INFO - [MainThread] UM.VersionUpgradeManager._upgradeFile [421]: Upgraded .\MakerBotReplicator.global.cfg to version 5000017.
2021-08-01 12:24:30,149 - INFO - [MainThread] UM.VersionUpgradeManager._upgradeFile [421]: Upgraded .\custom_draft_.2_%283dbenchy%29.inst.cfg to version 4000017.
2021-08-01 12:24:30,172 - INFO - [MainThread] UM.VersionUpgradeManager._upgradeFile [421]: Upgraded .\custom_extra_fast_.32_-teaching_tech_calib_cube.inst.cfg to version 4000017.
2021-08-01 12:24:30,190 - INFO - [MainThread] UM.VersionUpgradeManager._upgradeFile [421]: Upgraded .\custom_extra_fast_.8.inst.cfg to version 4000017.
2021-08-01 12:24:30,209 - INFO - [MainThread] UM.VersionUpgradeManager._upgradeFile [421]: Upgraded .\custom_extruder_1_%232_draft_.2_%283dbenchy%29.inst.cfg to version 4000017.
2021-08-01 12:24:30,229 - INFO - [MainThread] UM.VersionUpgradeManager._upgradeFile [421]: Upgraded .\custom_extruder_1_%232_extra_fast_.32_-teaching_tech_calib_cube.inst.cfg to version 4000017.
2021-08-01 12:24:30,246 - INFO - [MainThread] UM.VersionUpgradeManager._upgradeFile [421]: Upgraded .\custom_extruder_1_%232_extra_fast_.8.inst.cfg to version 4000017.
2021-08-01 12:24:30,268 - INFO - [MainThread] UM.VersionUpgradeManager._upgradeFile [421]: Upgraded .\custom_extruder_1_%232_fast_abs_.2.inst.cfg to version 4000017.
2021-08-01 12:24:30,291 - INFO - [MainThread] UM.VersionUpgradeManager._upgradeFile [421]: Upgraded .\custom_extruder_1_%232_fast_abs_.32.inst.cfg to version 4000017.
2021-08-01 12:24:30,309 - INFO - [MainThread] UM.VersionUpgradeManager._upgradeFile [421]: Upgraded .\custom_extruder_2_%232_draft_.2_%283dbenchy%29.inst.cfg to version 4000017.
2021-08-01 12:24:30,327 - INFO - [MainThread] UM.VersionUpgradeManager._upgradeFile [421]: Upgraded .\custom_extruder_2_%232_extra_fast_.32.inst.cfg to version 4000017.
2021-08-01 12:24:30,347 - INFO - [MainThread] UM.VersionUpgradeManager._upgradeFile [421]: Upgraded .\custom_extruder_2_%232_extra_fast_.32_-teaching_tech_calib_cube.inst.cfg to version 4000017.
2021-08-01 12:24:30,365 - INFO - [MainThread] UM.VersionUpgradeManager._upgradeFile [421]: Upgraded .\custom_extruder_2_%232_extra_fast_.8.inst.cfg to version 4000017.
2021-08-01 12:24:30,382 - INFO - [MainThread] UM.VersionUpgradeManager._upgradeFile [421]: Upgraded .\custom_extruder_2_%232_fast_abs_.2.inst.cfg to version 4000017.
2021-08-01 12:24:30,400 - INFO - [MainThread] UM.VersionUpgradeManager._upgradeFile [421]: Upgraded .\custom_extruder_2_%232_fast_abs_.32.inst.cfg to version 4000017.
2021-08-01 12:24:30,424 - INFO - [MainThread] UM.VersionUpgradeManager._upgradeFile [421]: Upgraded .\custom_extruder_2_%232_normal_.16.inst.cfg to version 4000017.
2021-08-01 12:24:30,443 - INFO - [MainThread] UM.VersionUpgradeManager._upgradeFile [421]: Upgraded .\custom_fast_abs_.2.inst.cfg to version 4000017.
2021-08-01 12:24:30,461 - INFO - [MainThread] UM.VersionUpgradeManager._upgradeFile [421]: Upgraded .\custom_fast_abs_.32.inst.cfg to version 4000017.
2021-08-01 12:24:30,480 - INFO - [MainThread] UM.VersionUpgradeManager._upgradeFile [421]: Upgraded .\makerbotreplicator_extra_fast_.32.inst.cfg to version 4000017.
2021-08-01 12:24:30,498 - INFO - [MainThread] UM.VersionUpgradeManager._upgradeFile [421]: Upgraded .\makerbotreplicator_extruder_0_%232_extra_fast_.32.inst.cfg to version 4000017.
2021-08-01 12:24:30,516 - INFO - [MainThread] UM.VersionUpgradeManager._upgradeFile [421]: Upgraded .\makerbotreplicator_extruder_0_%232_normal_.16.inst.cfg to version 4000017.
2021-08-01 12:24:30,535 - INFO - [MainThread] UM.VersionUpgradeManager._upgradeFile [421]: Upgraded .\makerbotreplicator_normal_.16.inst.cfg to version 4000017.
2021-08-01 12:24:30,554 - INFO - [MainThread] UM.VersionUpgradeManager._upgradeFile [421]: Upgraded .\Axle+Media+R2X+14T_user.inst.cfg to version 4000017.
2021-08-01 12:24:30,572 - INFO - [MainThread] UM.VersionUpgradeManager._upgradeFile [421]: Upgraded .\custom_extruder_1+%232_user.inst.cfg to version 4000017.
2021-08-01 12:24:30,589 - INFO - [MainThread] UM.VersionUpgradeManager._upgradeFile [421]: Upgraded .\custom_extruder_2+%232_user.inst.cfg to version 4000017.
2021-08-01 12:24:30,608 - INFO - [MainThread] UM.VersionUpgradeManager._upgradeFile [421]: Upgraded .\custom_extruder_3+%232_user.inst.cfg to version 4000017.
2021-08-01 12:24:30,625 - INFO - [MainThread] UM.VersionUpgradeManager._upgradeFile [421]: Upgraded .\custom_extruder_4+%232_user.inst.cfg to version 4000017.
2021-08-01 12:24:30,643 - INFO - [MainThread] UM.VersionUpgradeManager._upgradeFile [421]: Upgraded .\custom_extruder_5+%232_user.inst.cfg to version 4000017.
2021-08-01 12:24:30,661 - INFO - [MainThread] UM.VersionUpgradeManager._upgradeFile [421]: Upgraded .\custom_extruder_6+%232_user.inst.cfg to version 4000017.
2021-08-01 12:24:30,683 - INFO - [MainThread] UM.VersionUpgradeManager._upgradeFile [421]: Upgraded .\custom_extruder_7+%232_user.inst.cfg to version 4000017.
2021-08-01 12:24:30,700 - INFO - [MainThread] UM.VersionUpgradeManager._upgradeFile [421]: Upgraded .\custom_extruder_8+%232_user.inst.cfg to version 4000017.
2021-08-01 12:24:30,718 - INFO - [MainThread] UM.VersionUpgradeManager._upgradeFile [421]: Upgraded .\makerbotreplicator_extruder_0+%232_user.inst.cfg to version 4000017.
2021-08-01 12:24:30,738 - INFO - [MainThread] UM.VersionUpgradeManager._upgradeFile [421]: Upgraded .\MakerBotReplicator_user.inst.cfg to version 4000017.
2021-08-01 12:24:30,747 - INFO - [MainThread] UM.VersionUpgradeManager.upgrade [175]: Checking and performing updates took 2.185885429382324
2021-08-01 12:24:30,785 - INFO - [MainThread] UM.Logger.info [128]: Completed loading preferences.
2021-08-01 12:24:30,829 - INFO - [MainThread] UM.Logger.info [128]: Created system tray icon.
2021-08-01 12:25:20,291 - DEBUG - [MainThread] UM.Settings.ContainerRegistry.loadAllMetadata [361]: Loading metadata into container registry took 49.43544292449951 seconds
2021-08-01 12:25:20,324 - DEBUG - [MainThread] cura.Scene.CuraSceneController.setActiveBuildPlate [142]: Select build plate: 0
2021-08-01 12:25:20,332 - INFO - [MainThread] cura.CuraApplication.run [797]: Initializing machine error checker
2021-08-01 12:25:20,872 - WARNING - [MainThread] LocalContainerProvider.LocalContainerProvider._saveCachedDefinition [295]: The definition cache for definition custom failed to pickle.
2021-08-01 12:25:20,938 - INFO - [MainThread] cura.UI.MachineActionManager.addDefaultMachineActions [74]: Default machine actions added for machine definition [custom]
2021-08-01 12:25:21,327 - WARNING - [MainThread] LocalContainerProvider.LocalContainerProvider._saveCachedDefinition [295]: The definition cache for definition fdmprinter failed to pickle.
2021-08-01 12:25:21,746 - INFO - [MainThread] cura.Settings.GlobalStack.addExtruder [194]: Extruder[custom_extruder_5 #2] added to [Axle Media R2X 14T] at position [4]
2021-08-01 12:25:21,753 - INFO - [MainThread] cura.Settings.GlobalStack.addExtruder [194]: Extruder[custom_extruder_1 #2] added to [Axle Media R2X 14T] at position [0]
2021-08-01 12:25:21,759 - INFO - [MainThread] cura.Settings.GlobalStack.addExtruder [194]: Extruder[custom_extruder_8 #2] added to [Axle Media R2X 14T] at position [7]
2021-08-01 12:25:21,764 - INFO - [MainThread] cura.Settings.GlobalStack.addExtruder [194]: Extruder[custom_extruder_3 #2] added to [Axle Media R2X 14T] at position [2]
2021-08-01 12:25:21,770 - INFO - [MainThread] cura.Settings.GlobalStack.addExtruder [194]: Extruder[custom_extruder_6 #2] added to [Axle Media R2X 14T] at position [5]
2021-08-01 12:25:21,775 - INFO - [MainThread] cura.Settings.GlobalStack.addExtruder [194]: Extruder[custom_extruder_2 #2] added to [Axle Media R2X 14T] at position [1]
2021-08-01 12:25:21,781 - INFO - [MainThread] cura.Settings.GlobalStack.addExtruder [194]: Extruder[custom_extruder_7 #2] added to [Axle Media R2X 14T] at position [6]
2021-08-01 12:25:21,787 - INFO - [MainThread] cura.Settings.GlobalStack.addExtruder [194]: Extruder[custom_extruder_4 #2] added to [Axle Media R2X 14T] at position [3]
2021-08-01 12:25:21,789 - INFO - [MainThread] FirmwareUpdateChecker.FirmwareUpdateChecker.checkFirmwareVersion [79]: No machine with name Custom FFF printer in list of firmware to check.
2021-08-01 12:25:22,352 - DEBUG - [MainThread] cura.Machines.ContainerTree.__getitem__ [120]: Adding container tree for custom took 0.5479707717895508 seconds.
2021-08-01 12:25:22,392 - DEBUG - [MainThread] PostProcessingPlugin.PostProcessingPlugin.loadScripts [204]: Begin loading of script: ChangeAtZ
2021-08-01 12:25:22,406 - DEBUG - [MainThread] PostProcessingPlugin.PostProcessingPlugin.loadScripts [204]: Begin loading of script: ColorMix
2021-08-01 12:25:22,423 - DEBUG - [MainThread] PostProcessingPlugin.PostProcessingPlugin.loadScripts [204]: Begin loading of script: CreateThumbnail
2021-08-01 12:25:22,438 - DEBUG - [MainThread] PostProcessingPlugin.PostProcessingPlugin.loadScripts [204]: Begin loading of script: DisplayFilenameAndLayerOnLCD
2021-08-01 12:25:22,454 - DEBUG - [MainThread] PostProcessingPlugin.PostProcessingPlugin.loadScripts [204]: Begin loading of script: DisplayProgressOnLCD
2021-08-01 12:25:22,467 - DEBUG - [MainThread] PostProcessingPlugin.PostProcessingPlugin.loadScripts [204]: Begin loading of script: FilamentChange
2021-08-01 12:25:22,480 - DEBUG - [MainThread] PostProcessingPlugin.PostProcessingPlugin.loadScripts [204]: Begin loading of script: InsertAtLayerChange
2021-08-01 12:25:22,498 - DEBUG - [MainThread] PostProcessingPlugin.PostProcessingPlugin.loadScripts [204]: Begin loading of script: PauseAtHeight
2021-08-01 12:25:22,512 - DEBUG - [MainThread] PostProcessingPlugin.PostProcessingPlugin.loadScripts [204]: Begin loading of script: RetractContinue
2021-08-01 12:25:22,525 - DEBUG - [MainThread] PostProcessingPlugin.PostProcessingPlugin.loadScripts [204]: Begin loading of script: SearchAndReplace
2021-08-01 12:25:22,544 - DEBUG - [MainThread] PostProcessingPlugin.PostProcessingPlugin.loadScripts [204]: Begin loading of script: Stretch
2021-08-01 12:25:22,560 - DEBUG - [MainThread] PostProcessingPlugin.PostProcessingPlugin.loadScripts [204]: Begin loading of script: TimeLapse
2021-08-01 12:25:22,574 - DEBUG - [MainThread] PostProcessingPlugin.PostProcessingPlugin.loadScripts [204]: Begin loading of script: UsePreviousProbeMeasurements
2021-08-01 12:25:22,575 - WARNING - [MainThread] PostProcessingPlugin.PostProcessingPlugin.loadAllScripts [155]: Unable to create a folder for scripts: C:\Program Files\Ultimaker Cura 4.10.0\resources\scripts
2021-08-01 12:25:22,611 - INFO - [MainThread] cura.CuraApplication.run [802]: Initializing machine manager
2021-08-01 12:25:22,619 - INFO - [MainThread] cura.CuraApplication.run [807]: Initializing container manager
2021-08-01 12:25:22,683 - WARNING - [MainThread] UM.OutputDevice.OutputDeviceManager.removeOutputDevice [235]: Could not find output device with id digital_factory to remove
2021-08-01 12:25:22,792 - DEBUG - [MainThread] cura.Machines.MachineErrorChecker._rescheduleCheck [155]: New error check scheduled.
2021-08-01 12:25:22,829 - DEBUG - [MainThread] UM.Scene.Camera._preferencesChanged [255]: Changing perspective mode to perspective.
2021-08-01 12:25:23,286 - DEBUG - [MainThread] UM.Qt.Bindings.Theme.load [182]: Loading theme file: C:\Program Files\Ultimaker Cura 4.10.0\resources\themes\cura-light\theme.json
2021-08-01 12:25:24,782 - DEBUG - [MainThread] UM.Qt.Bindings.Theme.load [287]: Loaded theme C:\Program Files\Ultimaker Cura 4.10.0\resources\themes\cura-light
2021-08-01 12:25:29,324 - DEBUG - [MainThread] PostProcessingPlugin.PostProcessingPlugin._createView [342]: Creating post processing plugin view.
2021-08-01 12:25:29,881 - DEBUG - [MainThread] PostProcessingPlugin.PostProcessingPlugin._createView [352]: Post processing view created.
2021-08-01 12:25:30,239 - WARNING - [MainThread] UM.Qt.QtApplication.__onQmlWarning [421]: file:///C:/Program Files/Ultimaker Cura 4.10.0/resources/qml/PrintSetupSelector/Custom/MenuButton.qml:42:18: QML Label: Cannot anchor to an item that isn't a parent or sibling.
2021-08-01 12:25:30,309 - DEBUG - [MainThread] cura.OAuth2.AuthorizationService._parseJWT [100]: There was no auth data or access token
2021-08-01 12:25:30,519 - WARNING - [MainThread] UM.Qt.QtApplication.__onQmlWarning [421]: file:///C:/Program Files/Ultimaker Cura 4.10.0/resources/qml/Settings/SettingView.qml:157:5: QML SettingVisibilityPresetsMenu: Binding loop detected for property "width"
2021-08-01 12:25:30,972 - DEBUG - [MainThread] cura.OAuth2.AuthorizationService._parseJWT [100]: There was no auth data or access token
2021-08-01 12:25:30,977 - DEBUG - [MainThread] cura.OAuth2.AuthorizationService._parseJWT [100]: There was no auth data or access token
2021-08-01 12:25:31,091 - DEBUG - [MainThread] cura.Machines.Models.NozzleModel._update [28]: Updating NozzleModel.
2021-08-01 12:25:31,255 - DEBUG - [MainThread] cura.Machines.Models.NozzleModel._update [28]: Updating NozzleModel.
2021-08-01 12:25:31,461 - DEBUG - [MainThread] UM.Controller.setActiveStage [180]: Setting active stage to PrepareStage
2021-08-01 12:25:31,999 - DEBUG - [MainThread] cura.Machines.Models.NozzleModel._update [28]: Updating NozzleModel.
2021-08-01 12:25:32,485 - DEBUG - [MainThread] UM.Controller.setActiveView [108]: Setting active view to SolidView
2021-08-01 12:25:32,958 - DEBUG - [MainThread] ModelChecker.ModelChecker._createView [117]: Creating model checker view.
2021-08-01 12:25:33,010 - DEBUG - [MainThread] ModelChecker.ModelChecker._createView [126]: Model checker view created.
2021-08-01 12:25:33,011 - DEBUG - [MainThread] SliceInfoPlugin.SliceInfo._createDialog [76]: Creating dialog [MoreInfoWindow.qml]
2021-08-01 12:25:33,180 - DEBUG - [MainThread] Toolbox.src.Toolbox._makeRequestByType [542]: Requesting [updates] metadata from server.
2021-08-01 12:25:33,185 - DEBUG - [MainThread] cura.OAuth2.AuthorizationService.getAccessToken [126]: No auth data to retrieve the access_token from
2021-08-01 12:25:33,189 - DEBUG - [MainThread] UM.Logger.debug [122]: User is not logged in for Cloud API request to https://api.ultimaker.com/cura-packages/v1/cura/v7.6.0/packages/package-updates?installed_packages=CameraTool:1.0.1&installed_packages=PolyMaxPLA:1.0.1&installed_packages=VersionUpgrade25to26:1.0.1&installed_packages=GenericBAM:1.4.0&installed_packages=ZOffsetPlugin:3.5.7&installed_packages=VersionUpgrade27to30:1.0.1&installed_packages=SupportEraser:1.0.1&installed_packages=LegacyProfileReader:1.0.1&installed_packages=MirrorTool:1.0.1&installed_packages=UltimakerABS:1.4.0&installed_packages=AMFReader:1.0.0&installed_packages=GCodeProfileReader:1.0.1&installed_packages=TranslateTool:1.0.1&installed_packages=GenericNylon:1.4.0&installed_packages=FirmwareUpdater:1.0.1&installed_packages=Toolbox:1.0.1&installed_packages=ArcWelderPlugin:3.5.1&installed_packages=XRayView:1.0.1&installed_packages=RotateTool:1.0.1&installed_packages=STLWriter:1.0.1&installed_packages=GenericCPEPlus:1.4.0&installed_packages=VersionUpgrade41to42:1.0.0&installed_packages=GenericABS:1.4.0&installed_packages=STLReader:1.0.1&installed_packages=UltimakerCPEP:1.4.0&installed_packages=PolyWoodPLA:1.0.1&installed_packages=VersionUpgrade35to40:1.0.0&installed_packages=DagomaChromatikPLA:1.0.1&installed_packages=GenericPLA:1.4.0&installed_packages=GenericCFFCPE:1.4.0&installed_packages=SolidView:1.0.1&installed_packages=GenericPVA:1.4.0&installed_packages=CuraProfileWriter:1.0.1&installed_packages=X3DReader:1.0.1&installed_packages=FABtotumPLA:1.4.0&installed_packages=GenericPP:1.4.0&installed_packages=UFPReader:1.0.0&installed_packages=FirmwareUpdateChecker:1.0.1&installed_packages=GenericHIPS:1.4.0&installed_packages=MachineSettingsAction:1.0.1&installed_packages=ImageReader:1.0.1&installed_packages=CuraEngineBackend:1.0.1&installed_packages=GenericCPE:1.4.0&installed_packages=VersionUpgrade462to47:1.0.0&installed_packages=FiberlogyHDPLA:1.0.1&installed_packages=UltimakerBAM:1.4.0&installed_packages=ConsoleLogger:1.0.1&installed_packages=TrimeshReader:1.0.0&installed_packages=VersionUpgrade33to34:1.0.1&installed_packages=UltimakerNylon:1.4.0&installed_packages=IMADE3DJellyBOXPETG:1.0.1&installed_packages=GenericGFFCPE:1.4.0&installed_packages=PolyFlexPLA:1.0.1&installed_packages=VertexDeltaTPU:1.4.0&installed_packages=GenericTPU:1.4.0&installed_packages=VersionUpgrade40to41:1.0.1&installed_packages=PostProcessingPlugin:2.2.1&installed_packages=UltimakerTPU:1.4.0&installed_packages=3MFWriter:1.0.1&installed_packages=VertexDeltaPLA:1.4.0&installed_packages=GenericToughPLA:1.4.0&installed_packages=VersionUpgrade26to27:1.0.1&installed_packages=VersionUpgrade43to44:1.0.0&installed_packages=SimpleView:1.0.1&installed_packages=CuraDrive:1.2.0&installed_packages=VersionUpgrade42to43:1.0.0&installed_packages=ImportExportProfiles:1.0.7&installed_packages=GenericGFFPA:1.4.0&installed_packages=VersionUpgrade49to410:1.0.0&installed_packages=FABtotumTPU:1.4.0&installed_packages=VersionUpgrade460to462:1.0.0&installed_packages=UltimakerTPLA:1.4.0&installed_packages=IMADE3DJellyBOXPLA:1.0.1&installed_packages=XmlMaterialProfile:1.0.1&installed_packages=UM3NetworkPrinting:1.0.1&installed_packages=UFPWriter:1.0.1&installed_packages=VersionUpgrade32to33:1.0.1&installed_packages=ScaleTool:1.0.1&installed_packages=VersionUpgrade44to45:1.0.0&installed_packages=SliceInfoPlugin:1.0.1&installed_packages=PrepareStage:1.0.1&installed_packages=VersionUpgrade45to46:1.0.0&installed_packages=Filo3DPLA:1.0.1&installed_packages=LocalContainerProvider:1.0.1&installed_packages=PreviewStage:1.0.1&installed_packages=GenericPETG:1.4.0&installed_packages=GenericCFFPA:1.4.0&installed_packages=GenericPC:1.4.0&installed_packages=VertexDeltaABS:1.4.0&installed_packages=X3GWriter:1.1.12&installed_packages=GCodeGzWriter:1.0.1&installed_packages=UltimakerPP:1.4.0&installed_packages=VersionUpgrade21to22:1.0.1&installed_packages=VersionUpgrade30to31:1.0.1&installed_packages=VersionUpgrade47to48:1.0.0&installed_packages=DigitalLibrary:1.0.0&installed_packages=UltimakerPVA:1.4.0&installed_packages=OBJWriter:1.0.1&installed_packages=UltimakerPLA:1.4.0&installed_packages=VersionUpgrade34to35:1.0.1&installed_packages=ModelChecker:1.0.1&installed_packages=FABtotumNylon:1.4.0&installed_packages=OBJReader:1.0.1&installed_packages=SimulationView:1.0.1&installed_packages=PolyPlusPLA:1.0.1&installed_packages=LocalFileOutputDevice:1.0.1&installed_packages=SentryLogger:1.0.0&installed_packages=SelectionTool:1.0.1&installed_packages=GCodeWriter:1.0.1&installed_packages=GCodeGzReader:1.0.1&installed_packages=3MFReader:1.0.1&installed_packages=VertexDeltaPET:1.4.0&installed_packages=OctofiberPLA:1.0.1&installed_packages=UpdateChecker:1.0.1&installed_packages=RemovableDriveOutputDevice:1.0.1&installed_packages=PerObjectSettingsTool:1.0.1&installed_packages=UltimakerCPE:1.4.0&installed_packages=USBPrinting:1.0.2&installed_packages=UltimakerMachineActions:1.0.1&installed_packages=FileLogger:1.0.1&installed_packages=CuraProfileReader:1.0.1&installed_packages=FABtotumABS:1.4.0&installed_packages=GCodeReader:1.0.1&installed_packages=VersionUpgrade48to49:1.0.0&installed_packages=MonitorStage:1.0.1&installed_packages=VersionUpgrade22to24:1.0.1&installed_packages=UltimakerPC:1.4.0
2021-08-01 12:25:33,579 - WARNING - [MainThread] LocalContainerProvider.LocalContainerProvider._saveCachedDefinition [295]: The definition cache for definition makerbotreplicator failed to pickle.
2021-08-01 12:25:33,655 - DEBUG - [MainThread] cura.CuraApplication.run [851]: Booting Cura took 78.89391827583313 seconds
2021-08-01 12:25:33,656 - DEBUG - [JobQueueWorker [2]] cura.Machines.ContainerTree.run [174]: Started background loading of MachineNodes
2021-08-01 12:25:33,771 - DEBUG - [MainThread] cura.Machines.Models.CustomQualityProfilesDropDownMenuModel._update [33]: Updating CustomQualityProfilesDropDownMenuModel.
2021-08-01 12:25:33,797 - INFO - [MainThread] FirmwareUpdateChecker.FirmwareUpdateChecker.checkFirmwareVersion [79]: No machine with name MakerBotReplicator in list of firmware to check.
2021-08-01 12:25:33,805 - DEBUG - [MainThread] cura.Machines.Models.CustomQualityProfilesDropDownMenuModel._update [33]: Updating CustomQualityProfilesDropDownMenuModel.
2021-08-01 12:25:33,872 - DEBUG - [MainThread] cura.Machines.Models.CustomQualityProfilesDropDownMenuModel._update [33]: Updating CustomQualityProfilesDropDownMenuModel.
2021-08-01 12:25:33,892 - DEBUG - [MainThread] cura.Machines.Models.QualityProfilesDropDownMenuModel._update [62]: Updating QualityProfilesDropDownMenuModel.
2021-08-01 12:25:34,718 - DEBUG - [JobQueueWorker [2]] cura.Machines.ContainerTree.__getitem__ [120]: Adding container tree for makerbotreplicator took 0.5509724617004395 seconds.
2021-08-01 12:25:34,923 - DEBUG - [MainThread] cura.Machines.Models.QualityProfilesDropDownMenuModel._update [62]: Updating QualityProfilesDropDownMenuModel.
2021-08-01 12:25:34,935 - DEBUG - [MainThread] cura.Machines.Models.CustomQualityProfilesDropDownMenuModel._update [33]: Updating CustomQualityProfilesDropDownMenuModel.
2021-08-01 12:25:35,231 - DEBUG - [JobQueueWorker [2]] cura.Machines.ContainerTree.run [185]: All MachineNode loading completed
2021-08-01 12:25:35,970 - DEBUG - [MainThread] UM.Qt.QtRenderer._initialize [210]: Support for Vertex Array Objects: True
2021-08-01 12:25:36,034 - DEBUG - [MainThread] UM.View.GL.OpenGL.__init__ [112]: Initialized OpenGL subsystems.
2021-08-01 12:25:36,043 - DEBUG - [MainThread] UM.View.GL.OpenGL.__init__ [113]: OpenGL Version:  3.3.0
2021-08-01 12:25:36,049 - DEBUG - [MainThread] UM.View.GL.OpenGL.__init__ [114]: OpenGL Vendor:   NVIDIA Corporation
2021-08-01 12:25:36,057 - DEBUG - [MainThread] UM.View.GL.OpenGL.__init__ [115]: OpenGL Renderer: NVS 3100M/PCIe/SSE2
2021-08-01 12:25:36,066 - DEBUG - [MainThread] UM.View.GL.OpenGL.__init__ [116]: GLSL Version:    3.0.0
2021-08-01 12:25:36,072 - DEBUG - [MainThread] UM.View.GL.ShaderProgram.load [59]: Loading shader file [C:\Program Files\Ultimaker Cura 4.10.0\resources\shaders\default.shader]...
2021-08-01 12:25:36,090 - DEBUG - [MainThread] UM.View.GL.ShaderProgram.load [59]: Loading shader file [C:\Program Files\Ultimaker Cura 4.10.0\resources\shaders\selection.shader]...
2021-08-01 12:25:36,108 - DEBUG - [MainThread] UM.View.GL.ShaderProgram.load [59]: Loading shader file [C:\Program Files\Ultimaker Cura 4.10.0\resources\shaders\select_face.shader]...
2021-08-01 12:25:36,126 - DEBUG - [MainThread] UM.View.GL.ShaderProgram.load [59]: Loading shader file [C:\Program Files\Ultimaker Cura 4.10.0\resources\shaders\default.shader]...
2021-08-01 12:25:36,137 - DEBUG - [MainThread] UM.View.GL.ShaderProgram.load [59]: Loading shader file [C:\Program Files\Ultimaker Cura 4.10.0\resources\shaders\composite.shader]...
2021-08-01 12:25:36,156 - DEBUG - [MainThread] UM.View.GL.ShaderProgram.load [59]: Loading shader file [C:\Program Files\Ultimaker Cura 4.10.0\resources\shaders\overhang.shader]...
2021-08-01 12:25:36,182 - DEBUG - [MainThread] UM.View.GL.ShaderProgram.load [59]: Loading shader file [C:\Program Files\Ultimaker Cura 4.10.0\resources\shaders\striped.shader]...
2021-08-01 12:25:36,282 - DEBUG - [MainThread] UM.View.GL.ShaderProgram.load [59]: Loading shader file [C:\Program Files\Ultimaker Cura 4.10.0\resources\shaders\transparent_object.shader]...
2021-08-01 12:25:36,300 - DEBUG - [MainThread] UM.View.GL.ShaderProgram.load [59]: Loading shader file [C:\Program Files\Ultimaker Cura 4.10.0\resources\shaders\striped.shader]...
2021-08-01 12:25:36,311 - DEBUG - [MainThread] UM.View.GL.ShaderProgram.load [59]: Loading shader file [C:\Program Files\Ultimaker Cura 4.10.0\resources\shaders\xray.shader]...
2021-08-01 12:25:36,328 - DEBUG - [MainThread] UM.View.GL.ShaderProgram.load [59]: Loading shader file [C:\Program Files\Ultimaker Cura 4.10.0\resources\shaders\xray_composite.shader]...
2021-08-01 12:25:36,354 - DEBUG - [MainThread] UM.View.GL.ShaderProgram.load [59]: Loading shader file [C:\Program Files\Ultimaker Cura 4.10.0\resources\shaders\default.shader]...
2021-08-01 12:25:36,365 - DEBUG - [MainThread] UM.View.GL.ShaderProgram.load [59]: Loading shader file [C:\Program Files\Ultimaker Cura 4.10.0\resources\shaders\grid.shader]...
2021-08-01 12:25:36,384 - DEBUG - [MainThread] UM.View.GL.ShaderProgram.load [59]: Loading shader file [C:\Program Files\Ultimaker Cura 4.10.0\resources\shaders\platform.shader]...
2021-08-01 12:25:36,420 - DEBUG - [MainThread] UM.View.GL.ShaderProgram.load [59]: Loading shader file [C:\Program Files\Ultimaker Cura 4.10.0\resources\shaders\xray.shader]...
2021-08-01 12:25:41,468 - INFO - [MainThread] cura.Machines.MachineErrorChecker._setResult [214]: Error check finished, result = False, time = 18.7s
2021-08-01 12:25:47,290 - DEBUG - [MainThread] cura.AutoSave._onTimeout [64]: Autosaving preferences, instances and profiles took 0.019997596740722656 seconds
2021-08-01 12:53:51,493 - WARNING - [MainThread] UM.PluginRegistry._populateMetaData [773]: Could not find plugin global_stack
2021-08-01 12:53:51,498 - WARNING - [MainThread] UM.PluginRegistry._populateMetaData [773]: Could not find plugin extruder_stack
2021-08-01 12:53:51,523 - WARNING - [MainThread] cura.Settings.ContainerManager.getContainerMetaDataEntry [60]: Could not get metadata of container Unknown because it was not found.
2021-08-01 12:53:58,308 - WARNING - [MainThread] cura.Settings.ContainerManager.getContainerMetaDataEntry [60]: Could not get metadata of container Unknown because it was not found.
2021-08-01 12:54:01,581 - DEBUG - [MainThread] cura.Machines.Models.QualityManagementModel._update [306]: Updating QualityManagementModel.
2021-08-01 12:54:02,406 - WARNING - [MainThread] cura.Settings.ContainerManager.getContainerMetaDataEntry [60]: Could not get metadata of container Unknown because it was not found.
2021-08-01 12:54:04,604 - DEBUG - [MainThread] cura.Machines.Models.QualitySettingsModel._update [76]: Updating QualitySettingsModel.
2021-08-01 12:54:04,609 - DEBUG - [MainThread] cura.Machines.Models.QualitySettingsModel._update [76]: Updating QualitySettingsModel.
2021-08-01 12:54:04,695 - DEBUG - [MainThread] cura.Machines.Models.QualitySettingsModel._update [76]: Updating QualitySettingsModel.
2021-08-01 12:57:13,434 - DEBUG - [MainThread] ImportExportProfiles.ImportExportProfiles.exportData [101]: No file to export selected
2021-08-01 12:58:20,433 - WARNING - [MainThread] UM.Decorators.deprecated_function [23]: <function GlobalStack.extruders at 0x000002647C727F70> is deprecated (since 4.4): Please use extruderList instead.
2021-08-01 12:58:34,195 - DEBUG - [MainThread] cura.AutoSave._onTimeout [64]: Autosaving preferences, instances and profiles took 0.01694464683532715 seconds
2021-08-01 12:58:54,177 - WARNING - [MainThread] UM.Qt.QtApplication.__onQmlWarning [421]: file:///C:/Program Files/Ultimaker Cura 4.10.0/qml/UM/MessageStack.qml:75: TypeError: Cannot read property 'horizontalCenter' of null
2021-08-01 12:59:34,380 - DEBUG - [MainThread] cura.OAuth2.AuthorizationService.getAccessToken [126]: No auth data to retrieve the access_token from
2021-08-01 12:59:34,384 - DEBUG - [MainThread] UM.Logger.debug [122]: User is not logged in for Cloud API request to https://api.ultimaker.com/cura-drive/v1/backups
2021-08-01 12:59:35,174 - DEBUG - [MainThread] UM.TaskManagement.HttpRequestManager._onRequestError [376]: request[d5a1bbcc][get][PyQt5.QtCore.QUrl('https://api.ultimaker.com/cura-drive/v1/backups')][timeout=None][no-data] got an QNetworkReplyError Host requires authentication. The server returned: b'{"errors": [{"id": "0a8316cd-f5ed-4dea-9ee2-80684a135ec9", "code": "noBearerToken", "http_status": "401", "title": "No bearer token has been given to authenticate the request.", "meta": {"error_type": "AuthError", "url": "https://api.ultimaker.com/backups"}}]}'
2021-08-01 12:59:35,176 - WARNING - [MainThread] CuraDrive.src.DriveApiService.callback [41]: Could not get backups: 204
2021-08-01 13:02:13,555 - WARNING - [MainThread] UM.Qt.QtApplication.__onQmlWarning [421]: file:///C:/Program Files/Ultimaker Cura 4.10.0/plugins/MachineSettingsAction/MachineSettingsAction.qml:81:27: QML MachineSettingsExtruderTab: Detected anchors on an item that is managed by a layout. This is undefined behavior; use Layout.alignment instead.
2021-08-01 13:02:13,563 - WARNING - [MainThread] UM.Qt.QtApplication.__onQmlWarning [421]: file:///C:/Program Files/Ultimaker Cura 4.10.0/plugins/MachineSettingsAction/MachineSettingsAction.qml:81:27: QML MachineSettingsExtruderTab: Detected anchors on an item that is managed by a layout. This is undefined behavior; use Layout.alignment instead.
2021-08-01 13:02:13,572 - WARNING - [MainThread] UM.Qt.QtApplication.__onQmlWarning [421]: file:///C:/Program Files/Ultimaker Cura 4.10.0/plugins/MachineSettingsAction/MachineSettingsAction.qml:81:27: QML MachineSettingsExtruderTab: Detected anchors on an item that is managed by a layout. This is undefined behavior; use Layout.alignment instead.
2021-08-01 13:02:13,580 - WARNING - [MainThread] UM.Qt.QtApplication.__onQmlWarning [421]: file:///C:/Program Files/Ultimaker Cura 4.10.0/plugins/MachineSettingsAction/MachineSettingsAction.qml:81:27: QML MachineSettingsExtruderTab: Detected anchors on an item that is managed by a layout. This is undefined behavior; use Layout.alignment instead.
2021-08-01 13:02:13,608 - WARNING - [MainThread] UM.Qt.QtApplication.__onQmlWarning [421]: file:///C:/Program Files/Ultimaker Cura 4.10.0/plugins/MachineSettingsAction/MachineSettingsAction.qml:81:27: QML MachineSettingsExtruderTab: Detected anchors on an item that is managed by a layout. This is undefined behavior; use Layout.alignment instead.
2021-08-01 13:02:13,617 - WARNING - [MainThread] UM.Qt.QtApplication.__onQmlWarning [421]: file:///C:/Program Files/Ultimaker Cura 4.10.0/plugins/MachineSettingsAction/MachineSettingsAction.qml:81:27: QML MachineSettingsExtruderTab: Detected anchors on an item that is managed by a layout. This is undefined behavior; use Layout.alignment instead.
2021-08-01 13:04:15,815 - DEBUG - [MainThread] cura.TaskManagement.OnExitCallbackManager.triggerNextCallback [51]: No more on-app-exit callbacks to process. Tell the app to exit.
2021-08-01 13:04:15,822 - INFO - [MainThread] cura.CuraApplication.closeApplication [609]: Close application
2021-08-01 13:04:15,827 - INFO - [MainThread] UM.Logger.info [128]: Initializing Active Machine...
2021-08-01 13:04:15,933 - DEBUG - [MainThread] cura.Machines.Models.NozzleModel._update [28]: Updating NozzleModel.
2021-08-01 13:04:15,939 - DEBUG - [MainThread] cura.Machines.Models.NozzleModel._update [28]: Updating NozzleModel.
2021-08-01 13:04:15,943 - DEBUG - [MainThread] cura.Machines.Models.NozzleModel._update [28]: Updating NozzleModel.
2021-08-01 13:04:15,960 - DEBUG - [MainThread] cura.Machines.Models.NozzleModel._update [28]: Updating NozzleModel.
2021-08-01 13:04:15,964 - DEBUG - [MainThread] cura.Machines.Models.NozzleModel._update [28]: Updating NozzleModel.
2021-08-01 13:04:15,969 - DEBUG - [MainThread] cura.Machines.Models.NozzleModel._update [28]: Updating NozzleModel.
2021-08-01 13:04:16,500 - DEBUG - [MainThread] UM.Qt.QtApplication.windowClosed [485]: Shutting down cura
2021-08-01 13:04:16,576 - DEBUG - [MainThread] CuraEngineBackend.CuraEngineBackend._terminate [341]: Attempting to kill the engine process
2021-08-01 13:04:16,577 - DEBUG - [MainThread] CuraEngineBackend.CuraEngineBackend._terminate [347]: Killing engine process
2021-08-01 13:04:16,584 - DEBUG - [MainThread] CuraEngineBackend.CuraEngineBackend._terminate [350]: Engine process is killed. Received return code 1
2021-08-01 13:04:16,753 - WARNING - [MainThread] UM.Qt.QtApplication.__onQmlWarning [421]: file:///C:/Program Files/Ultimaker Cura 4.10.0/resources/qml/PrintSetupSelector/Custom/QualitiesWithIntentMenu.qml:168:25: QML Binding: Not restoring previous value because restoreMode has not been set.
This behavior is deprecated.
You have to import QtQml 2.15 after any QtQuick imports and set
the restoreMode of the binding to fix this warning.
In Qt < 6.0 the default is Binding.RestoreBinding.
In Qt >= 6.0 the default is Binding.RestoreBindingOrValue.

2021-08-01 13:04:16,777 - WARNING - [MainThread] UM.Qt.QtApplication.__onQmlWarning [421]: file:///C:/Program Files/Ultimaker Cura 4.10.0/qml/UM/Preferences/PreferencesDialog.qml:113: TypeError: Cannot read property 'resetEnabled' of null
